<?xml version="1.0" encoding="UTF-8"?>
<testsuite xmlns:xsi="http://www.w3.org/2001/XMLSchema-instance" xsi:noNamespaceSchemaLocation="https://maven.apache.org/surefire/maven-surefire-plugin/xsd/surefire-test-report-3.0.xsd" version="3.0" name="TestSuite" time="96.034" tests="7" errors="0" skipped="0" failures="0">
  <properties>
    <property name="sun.desktop" value="windows"/>
    <property name="awt.toolkit" value="sun.awt.windows.WToolkit"/>
    <property name="file.encoding.pkg" value="sun.io"/>
    <property name="java.specification.version" value="1.8"/>
    <property name="sun.cpu.isalist" value="amd64"/>
    <property name="sun.jnu.encoding" value="Cp1252"/>
    <property name="java.class.path" value="C:\My_Projects\DoC_App_CI\target\test-classes;C:\My_Projects\DoC_App_CI\target\classes;C:\Users\ImranUllah\.m2\repository\junit\junit\3.8.1\junit-3.8.1.jar;C:\Users\ImranUllah\.m2\repository\org\seleniumhq\selenium\selenium-java\3.141.59\selenium-java-3.141.59.jar;C:\Users\ImranUllah\.m2\repository\org\seleniumhq\selenium\selenium-api\3.141.59\selenium-api-3.141.59.jar;C:\Users\ImranUllah\.m2\repository\org\seleniumhq\selenium\selenium-chrome-driver\3.141.59\selenium-chrome-driver-3.141.59.jar;C:\Users\ImranUllah\.m2\repository\org\seleniumhq\selenium\selenium-edge-driver\3.141.59\selenium-edge-driver-3.141.59.jar;C:\Users\ImranUllah\.m2\repository\org\seleniumhq\selenium\selenium-firefox-driver\3.141.59\selenium-firefox-driver-3.141.59.jar;C:\Users\ImranUllah\.m2\repository\org\seleniumhq\selenium\selenium-ie-driver\3.141.59\selenium-ie-driver-3.141.59.jar;C:\Users\ImranUllah\.m2\repository\org\seleniumhq\selenium\selenium-opera-driver\3.141.59\selenium-opera-driver-3.141.59.jar;C:\Users\ImranUllah\.m2\repository\org\seleniumhq\selenium\selenium-remote-driver\3.141.59\selenium-remote-driver-3.141.59.jar;C:\Users\ImranUllah\.m2\repository\org\seleniumhq\selenium\selenium-safari-driver\3.141.59\selenium-safari-driver-3.141.59.jar;C:\Users\ImranUllah\.m2\repository\org\seleniumhq\selenium\selenium-support\3.141.59\selenium-support-3.141.59.jar;C:\Users\ImranUllah\.m2\repository\net\bytebuddy\byte-buddy\1.8.15\byte-buddy-1.8.15.jar;C:\Users\ImranUllah\.m2\repository\org\apache\commons\commons-exec\1.3\commons-exec-1.3.jar;C:\Users\ImranUllah\.m2\repository\com\google\guava\guava\25.0-jre\guava-25.0-jre.jar;C:\Users\ImranUllah\.m2\repository\com\google\code\findbugs\jsr305\1.3.9\jsr305-1.3.9.jar;C:\Users\ImranUllah\.m2\repository\org\checkerframework\checker-compat-qual\2.0.0\checker-compat-qual-2.0.0.jar;C:\Users\ImranUllah\.m2\repository\com\google\errorprone\error_prone_annotations\2.1.3\error_prone_annotations-2.1.3.jar;C:\Users\ImranUllah\.m2\repository\com\google\j2objc\j2objc-annotations\1.1\j2objc-annotations-1.1.jar;C:\Users\ImranUllah\.m2\repository\org\codehaus\mojo\animal-sniffer-annotations\1.14\animal-sniffer-annotations-1.14.jar;C:\Users\ImranUllah\.m2\repository\com\squareup\okhttp3\okhttp\3.11.0\okhttp-3.11.0.jar;C:\Users\ImranUllah\.m2\repository\com\squareup\okio\okio\1.14.0\okio-1.14.0.jar;C:\Users\ImranUllah\.m2\repository\io\appium\java-client\7.4.1\java-client-7.4.1.jar;C:\Users\ImranUllah\.m2\repository\com\google\code\gson\gson\2.8.6\gson-2.8.6.jar;C:\Users\ImranUllah\.m2\repository\org\apache\httpcomponents\httpclient\4.5.13\httpclient-4.5.13.jar;C:\Users\ImranUllah\.m2\repository\org\apache\httpcomponents\httpcore\4.4.13\httpcore-4.4.13.jar;C:\Users\ImranUllah\.m2\repository\commons-logging\commons-logging\1.2\commons-logging-1.2.jar;C:\Users\ImranUllah\.m2\repository\cglib\cglib\3.3.0\cglib-3.3.0.jar;C:\Users\ImranUllah\.m2\repository\org\ow2\asm\asm\7.1\asm-7.1.jar;C:\Users\ImranUllah\.m2\repository\commons-validator\commons-validator\1.7\commons-validator-1.7.jar;C:\Users\ImranUllah\.m2\repository\commons-beanutils\commons-beanutils\1.9.4\commons-beanutils-1.9.4.jar;C:\Users\ImranUllah\.m2\repository\commons-digester\commons-digester\2.1\commons-digester-2.1.jar;C:\Users\ImranUllah\.m2\repository\commons-collections\commons-collections\3.2.2\commons-collections-3.2.2.jar;C:\Users\ImranUllah\.m2\repository\org\springframework\spring-context\5.3.1\spring-context-5.3.1.jar;C:\Users\ImranUllah\.m2\repository\org\springframework\spring-aop\5.3.1\spring-aop-5.3.1.jar;C:\Users\ImranUllah\.m2\repository\org\springframework\spring-beans\5.3.1\spring-beans-5.3.1.jar;C:\Users\ImranUllah\.m2\repository\org\springframework\spring-core\5.3.1\spring-core-5.3.1.jar;C:\Users\ImranUllah\.m2\repository\org\springframework\spring-jcl\5.3.1\spring-jcl-5.3.1.jar;C:\Users\ImranUllah\.m2\repository\org\springframework\spring-expression\5.3.1\spring-expression-5.3.1.jar;C:\Users\ImranUllah\.m2\repository\org\aspectj\aspectjweaver\1.9.6\aspectjweaver-1.9.6.jar;C:\Users\ImranUllah\.m2\repository\org\slf4j\slf4j-api\1.7.30\slf4j-api-1.7.30.jar;C:\Users\ImranUllah\.m2\repository\org\testng\testng\7.4.0\testng-7.4.0.jar;C:\Users\ImranUllah\.m2\repository\com\beust\jcommander\1.78\jcommander-1.78.jar;C:\Users\ImranUllah\.m2\repository\org\webjars\jquery\3.5.1\jquery-3.5.1.jar;C:\Users\ImranUllah\.m2\repository\org\apache\poi\poi\5.0.0\poi-5.0.0.jar;C:\Users\ImranUllah\.m2\repository\org\slf4j\jcl-over-slf4j\1.7.30\jcl-over-slf4j-1.7.30.jar;C:\Users\ImranUllah\.m2\repository\commons-codec\commons-codec\1.15\commons-codec-1.15.jar;C:\Users\ImranUllah\.m2\repository\org\apache\commons\commons-collections4\4.4\commons-collections4-4.4.jar;C:\Users\ImranUllah\.m2\repository\org\apache\commons\commons-math3\3.6.1\commons-math3-3.6.1.jar;C:\Users\ImranUllah\.m2\repository\com\zaxxer\SparseBitSet\1.2\SparseBitSet-1.2.jar;C:\Users\ImranUllah\.m2\repository\org\apache\poi\poi-ooxml\5.0.0\poi-ooxml-5.0.0.jar;C:\Users\ImranUllah\.m2\repository\org\apache\poi\poi-ooxml-lite\5.0.0\poi-ooxml-lite-5.0.0.jar;C:\Users\ImranUllah\.m2\repository\org\apache\xmlbeans\xmlbeans\4.0.0\xmlbeans-4.0.0.jar;C:\Users\ImranUllah\.m2\repository\xml-apis\xml-apis\1.4.01\xml-apis-1.4.01.jar;C:\Users\ImranUllah\.m2\repository\org\apache\commons\commons-compress\1.20\commons-compress-1.20.jar;C:\Users\ImranUllah\.m2\repository\com\github\virtuald\curvesapi\1.06\curvesapi-1.06.jar;C:\Users\ImranUllah\.m2\repository\org\bouncycastle\bcpkix-jdk15on\1.68\bcpkix-jdk15on-1.68.jar;C:\Users\ImranUllah\.m2\repository\org\bouncycastle\bcprov-jdk15on\1.68\bcprov-jdk15on-1.68.jar;C:\Users\ImranUllah\.m2\repository\org\apache\santuario\xmlsec\2.2.1\xmlsec-2.2.1.jar;C:\Users\ImranUllah\.m2\repository\com\fasterxml\woodstox\woodstox-core\5.2.1\woodstox-core-5.2.1.jar;C:\Users\ImranUllah\.m2\repository\org\codehaus\woodstox\stax2-api\4.2\stax2-api-4.2.jar;C:\Users\ImranUllah\.m2\repository\org\apache\xmlgraphics\batik-all\1.13\batik-all-1.13.jar;C:\Users\ImranUllah\.m2\repository\org\apache\xmlgraphics\batik-anim\1.13\batik-anim-1.13.jar;C:\Users\ImranUllah\.m2\repository\org\apache\xmlgraphics\batik-shared-resources\1.13\batik-shared-resources-1.13.jar;C:\Users\ImranUllah\.m2\repository\xml-apis\xml-apis-ext\1.3.04\xml-apis-ext-1.3.04.jar;C:\Users\ImranUllah\.m2\repository\org\apache\xmlgraphics\batik-awt-util\1.13\batik-awt-util-1.13.jar;C:\Users\ImranUllah\.m2\repository\org\apache\xmlgraphics\xmlgraphics-commons\2.4\xmlgraphics-commons-2.4.jar;C:\Users\ImranUllah\.m2\repository\org\apache\xmlgraphics\batik-bridge\1.13\batik-bridge-1.13.jar;C:\Users\ImranUllah\.m2\repository\org\apache\xmlgraphics\batik-codec\1.13\batik-codec-1.13.jar;C:\Users\ImranUllah\.m2\repository\org\apache\xmlgraphics\batik-constants\1.13\batik-constants-1.13.jar;C:\Users\ImranUllah\.m2\repository\org\apache\xmlgraphics\batik-css\1.13\batik-css-1.13.jar;C:\Users\ImranUllah\.m2\repository\org\apache\xmlgraphics\batik-dom\1.13\batik-dom-1.13.jar;C:\Users\ImranUllah\.m2\repository\xalan\xalan\2.7.2\xalan-2.7.2.jar;C:\Users\ImranUllah\.m2\repository\xalan\serializer\2.7.2\serializer-2.7.2.jar;C:\Users\ImranUllah\.m2\repository\org\apache\xmlgraphics\batik-ext\1.13\batik-ext-1.13.jar;C:\Users\ImranUllah\.m2\repository\org\apache\xmlgraphics\batik-extension\1.13\batik-extension-1.13.jar;C:\Users\ImranUllah\.m2\repository\org\apache\xmlgraphics\batik-gui-util\1.13\batik-gui-util-1.13.jar;C:\Users\ImranUllah\.m2\repository\org\apache\xmlgraphics\batik-gvt\1.13\batik-gvt-1.13.jar;C:\Users\ImranUllah\.m2\repository\org\apache\xmlgraphics\batik-i18n\1.13\batik-i18n-1.13.jar;C:\Users\ImranUllah\.m2\repository\org\apache\xmlgraphics\batik-parser\1.13\batik-parser-1.13.jar;C:\Users\ImranUllah\.m2\repository\org\apache\xmlgraphics\batik-rasterizer-ext\1.13\batik-rasterizer-ext-1.13.jar;C:\Users\ImranUllah\.m2\repository\org\apache\xmlgraphics\batik-rasterizer\1.13\batik-rasterizer-1.13.jar;C:\Users\ImranUllah\.m2\repository\org\apache\xmlgraphics\batik-script\1.13\batik-script-1.13.jar;C:\Users\ImranUllah\.m2\repository\org\apache\xmlgraphics\batik-slideshow\1.13\batik-slideshow-1.13.jar;C:\Users\ImranUllah\.m2\repository\org\apache\xmlgraphics\batik-squiggle-ext\1.13\batik-squiggle-ext-1.13.jar;C:\Users\ImranUllah\.m2\repository\org\apache\xmlgraphics\batik-squiggle\1.13\batik-squiggle-1.13.jar;C:\Users\ImranUllah\.m2\repository\org\apache\xmlgraphics\batik-svg-dom\1.13\batik-svg-dom-1.13.jar;C:\Users\ImranUllah\.m2\repository\org\apache\xmlgraphics\batik-svgbrowser\1.13\batik-svgbrowser-1.13.jar;C:\Users\ImranUllah\.m2\repository\org\apache\xmlgraphics\batik-svggen\1.13\batik-svggen-1.13.jar;C:\Users\ImranUllah\.m2\repository\org\apache\xmlgraphics\batik-svgpp\1.13\batik-svgpp-1.13.jar;C:\Users\ImranUllah\.m2\repository\org\apache\xmlgraphics\batik-svgrasterizer\1.13\batik-svgrasterizer-1.13.jar;C:\Users\ImranUllah\.m2\repository\org\apache\xmlgraphics\batik-swing\1.13\batik-swing-1.13.jar;C:\Users\ImranUllah\.m2\repository\org\apache\xmlgraphics\batik-transcoder\1.13\batik-transcoder-1.13.jar;C:\Users\ImranUllah\.m2\repository\org\apache\xmlgraphics\batik-util\1.13\batik-util-1.13.jar;C:\Users\ImranUllah\.m2\repository\org\apache\xmlgraphics\batik-ttf2svg\1.13\batik-ttf2svg-1.13.jar;C:\Users\ImranUllah\.m2\repository\org\apache\xmlgraphics\batik-xml\1.13\batik-xml-1.13.jar;C:\Users\ImranUllah\.m2\repository\de\rototor\pdfbox\graphics2d\0.30\graphics2d-0.30.jar;C:\Users\ImranUllah\.m2\repository\org\apache\pdfbox\pdfbox\2.0.22\pdfbox-2.0.22.jar;C:\Users\ImranUllah\.m2\repository\org\apache\pdfbox\fontbox\2.0.22\fontbox-2.0.22.jar;C:\Users\ImranUllah\.m2\repository\com\aventstack\extentreports\4.1.1\extentreports-4.1.1.jar;C:\Users\ImranUllah\.m2\repository\org\freemarker\freemarker\2.3.29\freemarker-2.3.29.jar;C:\Users\ImranUllah\.m2\repository\org\apache\httpcomponents\httpmime\4.5.2\httpmime-4.5.2.jar;C:\Users\ImranUllah\.m2\repository\org\mongodb\mongodb-driver\3.12.0\mongodb-driver-3.12.0.jar;C:\Users\ImranUllah\.m2\repository\org\mongodb\mongodb-driver-core\3.12.0\mongodb-driver-core-3.12.0.jar;C:\Users\ImranUllah\.m2\repository\org\mongodb\bson\3.12.0\bson-3.12.0.jar;C:\Users\ImranUllah\.m2\repository\org\apache\commons\commons-lang3\3.11\commons-lang3-3.11.jar;C:\Users\ImranUllah\.m2\repository\commons-io\commons-io\2.8.0\commons-io-2.8.0.jar;C:\Users\ImranUllah\.m2\repository\org\sikuli\sikuli-api\1.2.0\sikuli-api-1.2.0.jar;C:\Users\ImranUllah\.m2\repository\org\sikuli\sikuli-core\1.2.2\sikuli-core-1.2.2.jar;C:\Users\ImranUllah\.m2\repository\org\bytedeco\javacpp\0.9\javacpp-0.9.jar;C:\Users\ImranUllah\.m2\repository\org\bytedeco\javacpp-presets\opencv\2.4.9-0.9\opencv-2.4.9-0.9.jar;C:\Users\ImranUllah\.m2\repository\org\piccolo2d\piccolo2d-extras\1.3.1\piccolo2d-extras-1.3.1.jar;C:\Users\ImranUllah\.m2\repository\org\piccolo2d\piccolo2d-core\1.3.1\piccolo2d-core-1.3.1.jar;C:\Users\ImranUllah\.m2\repository\log4j\log4j\1.2.17\log4j-1.2.17.jar;"/>
    <property name="java.vm.vendor" value="Oracle Corporation"/>
    <property name="sun.arch.data.model" value="64"/>
    <property name="user.variant" value=""/>
    <property name="java.vendor.url" value="http://java.oracle.com/"/>
    <property name="user.timezone" value="Asia/Karachi"/>
    <property name="java.vm.specification.version" value="1.8"/>
    <property name="os.name" value="Windows 10"/>
    <property name="user.country" value="US"/>
    <property name="sun.java.launcher" value="SUN_STANDARD"/>
    <property name="sun.boot.library.path" value="C:\Program Files\Java\jdk1.8.0_281\jre\bin"/>
    <property name="sun.java.command" value="C:\Users\ImranUllah\AppData\Local\Temp\surefire4693656460641737839\surefirebooter8735987943462777690.jar C:\Users\ImranUllah\AppData\Local\Temp\surefire4693656460641737839 2021-12-07T22-46-52_240-jvmRun1 surefire5862750887145976546tmp surefire_0594772645611906032tmp"/>
    <property name="surefire.test.class.path" value="C:\My_Projects\DoC_App_CI\target\test-classes;C:\My_Projects\DoC_App_CI\target\classes;C:\Users\ImranUllah\.m2\repository\junit\junit\3.8.1\junit-3.8.1.jar;C:\Users\ImranUllah\.m2\repository\org\seleniumhq\selenium\selenium-java\3.141.59\selenium-java-3.141.59.jar;C:\Users\ImranUllah\.m2\repository\org\seleniumhq\selenium\selenium-api\3.141.59\selenium-api-3.141.59.jar;C:\Users\ImranUllah\.m2\repository\org\seleniumhq\selenium\selenium-chrome-driver\3.141.59\selenium-chrome-driver-3.141.59.jar;C:\Users\ImranUllah\.m2\repository\org\seleniumhq\selenium\selenium-edge-driver\3.141.59\selenium-edge-driver-3.141.59.jar;C:\Users\ImranUllah\.m2\repository\org\seleniumhq\selenium\selenium-firefox-driver\3.141.59\selenium-firefox-driver-3.141.59.jar;C:\Users\ImranUllah\.m2\repository\org\seleniumhq\selenium\selenium-ie-driver\3.141.59\selenium-ie-driver-3.141.59.jar;C:\Users\ImranUllah\.m2\repository\org\seleniumhq\selenium\selenium-opera-driver\3.141.59\selenium-opera-driver-3.141.59.jar;C:\Users\ImranUllah\.m2\repository\org\seleniumhq\selenium\selenium-remote-driver\3.141.59\selenium-remote-driver-3.141.59.jar;C:\Users\ImranUllah\.m2\repository\org\seleniumhq\selenium\selenium-safari-driver\3.141.59\selenium-safari-driver-3.141.59.jar;C:\Users\ImranUllah\.m2\repository\org\seleniumhq\selenium\selenium-support\3.141.59\selenium-support-3.141.59.jar;C:\Users\ImranUllah\.m2\repository\net\bytebuddy\byte-buddy\1.8.15\byte-buddy-1.8.15.jar;C:\Users\ImranUllah\.m2\repository\org\apache\commons\commons-exec\1.3\commons-exec-1.3.jar;C:\Users\ImranUllah\.m2\repository\com\google\guava\guava\25.0-jre\guava-25.0-jre.jar;C:\Users\ImranUllah\.m2\repository\com\google\code\findbugs\jsr305\1.3.9\jsr305-1.3.9.jar;C:\Users\ImranUllah\.m2\repository\org\checkerframework\checker-compat-qual\2.0.0\checker-compat-qual-2.0.0.jar;C:\Users\ImranUllah\.m2\repository\com\google\errorprone\error_prone_annotations\2.1.3\error_prone_annotations-2.1.3.jar;C:\Users\ImranUllah\.m2\repository\com\google\j2objc\j2objc-annotations\1.1\j2objc-annotations-1.1.jar;C:\Users\ImranUllah\.m2\repository\org\codehaus\mojo\animal-sniffer-annotations\1.14\animal-sniffer-annotations-1.14.jar;C:\Users\ImranUllah\.m2\repository\com\squareup\okhttp3\okhttp\3.11.0\okhttp-3.11.0.jar;C:\Users\ImranUllah\.m2\repository\com\squareup\okio\okio\1.14.0\okio-1.14.0.jar;C:\Users\ImranUllah\.m2\repository\io\appium\java-client\7.4.1\java-client-7.4.1.jar;C:\Users\ImranUllah\.m2\repository\com\google\code\gson\gson\2.8.6\gson-2.8.6.jar;C:\Users\ImranUllah\.m2\repository\org\apache\httpcomponents\httpclient\4.5.13\httpclient-4.5.13.jar;C:\Users\ImranUllah\.m2\repository\org\apache\httpcomponents\httpcore\4.4.13\httpcore-4.4.13.jar;C:\Users\ImranUllah\.m2\repository\commons-logging\commons-logging\1.2\commons-logging-1.2.jar;C:\Users\ImranUllah\.m2\repository\cglib\cglib\3.3.0\cglib-3.3.0.jar;C:\Users\ImranUllah\.m2\repository\org\ow2\asm\asm\7.1\asm-7.1.jar;C:\Users\ImranUllah\.m2\repository\commons-validator\commons-validator\1.7\commons-validator-1.7.jar;C:\Users\ImranUllah\.m2\repository\commons-beanutils\commons-beanutils\1.9.4\commons-beanutils-1.9.4.jar;C:\Users\ImranUllah\.m2\repository\commons-digester\commons-digester\2.1\commons-digester-2.1.jar;C:\Users\ImranUllah\.m2\repository\commons-collections\commons-collections\3.2.2\commons-collections-3.2.2.jar;C:\Users\ImranUllah\.m2\repository\org\springframework\spring-context\5.3.1\spring-context-5.3.1.jar;C:\Users\ImranUllah\.m2\repository\org\springframework\spring-aop\5.3.1\spring-aop-5.3.1.jar;C:\Users\ImranUllah\.m2\repository\org\springframework\spring-beans\5.3.1\spring-beans-5.3.1.jar;C:\Users\ImranUllah\.m2\repository\org\springframework\spring-core\5.3.1\spring-core-5.3.1.jar;C:\Users\ImranUllah\.m2\repository\org\springframework\spring-jcl\5.3.1\spring-jcl-5.3.1.jar;C:\Users\ImranUllah\.m2\repository\org\springframework\spring-expression\5.3.1\spring-expression-5.3.1.jar;C:\Users\ImranUllah\.m2\repository\org\aspectj\aspectjweaver\1.9.6\aspectjweaver-1.9.6.jar;C:\Users\ImranUllah\.m2\repository\org\slf4j\slf4j-api\1.7.30\slf4j-api-1.7.30.jar;C:\Users\ImranUllah\.m2\repository\org\testng\testng\7.4.0\testng-7.4.0.jar;C:\Users\ImranUllah\.m2\repository\com\beust\jcommander\1.78\jcommander-1.78.jar;C:\Users\ImranUllah\.m2\repository\org\webjars\jquery\3.5.1\jquery-3.5.1.jar;C:\Users\ImranUllah\.m2\repository\org\apache\poi\poi\5.0.0\poi-5.0.0.jar;C:\Users\ImranUllah\.m2\repository\org\slf4j\jcl-over-slf4j\1.7.30\jcl-over-slf4j-1.7.30.jar;C:\Users\ImranUllah\.m2\repository\commons-codec\commons-codec\1.15\commons-codec-1.15.jar;C:\Users\ImranUllah\.m2\repository\org\apache\commons\commons-collections4\4.4\commons-collections4-4.4.jar;C:\Users\ImranUllah\.m2\repository\org\apache\commons\commons-math3\3.6.1\commons-math3-3.6.1.jar;C:\Users\ImranUllah\.m2\repository\com\zaxxer\SparseBitSet\1.2\SparseBitSet-1.2.jar;C:\Users\ImranUllah\.m2\repository\org\apache\poi\poi-ooxml\5.0.0\poi-ooxml-5.0.0.jar;C:\Users\ImranUllah\.m2\repository\org\apache\poi\poi-ooxml-lite\5.0.0\poi-ooxml-lite-5.0.0.jar;C:\Users\ImranUllah\.m2\repository\org\apache\xmlbeans\xmlbeans\4.0.0\xmlbeans-4.0.0.jar;C:\Users\ImranUllah\.m2\repository\xml-apis\xml-apis\1.4.01\xml-apis-1.4.01.jar;C:\Users\ImranUllah\.m2\repository\org\apache\commons\commons-compress\1.20\commons-compress-1.20.jar;C:\Users\ImranUllah\.m2\repository\com\github\virtuald\curvesapi\1.06\curvesapi-1.06.jar;C:\Users\ImranUllah\.m2\repository\org\bouncycastle\bcpkix-jdk15on\1.68\bcpkix-jdk15on-1.68.jar;C:\Users\ImranUllah\.m2\repository\org\bouncycastle\bcprov-jdk15on\1.68\bcprov-jdk15on-1.68.jar;C:\Users\ImranUllah\.m2\repository\org\apache\santuario\xmlsec\2.2.1\xmlsec-2.2.1.jar;C:\Users\ImranUllah\.m2\repository\com\fasterxml\woodstox\woodstox-core\5.2.1\woodstox-core-5.2.1.jar;C:\Users\ImranUllah\.m2\repository\org\codehaus\woodstox\stax2-api\4.2\stax2-api-4.2.jar;C:\Users\ImranUllah\.m2\repository\org\apache\xmlgraphics\batik-all\1.13\batik-all-1.13.jar;C:\Users\ImranUllah\.m2\repository\org\apache\xmlgraphics\batik-anim\1.13\batik-anim-1.13.jar;C:\Users\ImranUllah\.m2\repository\org\apache\xmlgraphics\batik-shared-resources\1.13\batik-shared-resources-1.13.jar;C:\Users\ImranUllah\.m2\repository\xml-apis\xml-apis-ext\1.3.04\xml-apis-ext-1.3.04.jar;C:\Users\ImranUllah\.m2\repository\org\apache\xmlgraphics\batik-awt-util\1.13\batik-awt-util-1.13.jar;C:\Users\ImranUllah\.m2\repository\org\apache\xmlgraphics\xmlgraphics-commons\2.4\xmlgraphics-commons-2.4.jar;C:\Users\ImranUllah\.m2\repository\org\apache\xmlgraphics\batik-bridge\1.13\batik-bridge-1.13.jar;C:\Users\ImranUllah\.m2\repository\org\apache\xmlgraphics\batik-codec\1.13\batik-codec-1.13.jar;C:\Users\ImranUllah\.m2\repository\org\apache\xmlgraphics\batik-constants\1.13\batik-constants-1.13.jar;C:\Users\ImranUllah\.m2\repository\org\apache\xmlgraphics\batik-css\1.13\batik-css-1.13.jar;C:\Users\ImranUllah\.m2\repository\org\apache\xmlgraphics\batik-dom\1.13\batik-dom-1.13.jar;C:\Users\ImranUllah\.m2\repository\xalan\xalan\2.7.2\xalan-2.7.2.jar;C:\Users\ImranUllah\.m2\repository\xalan\serializer\2.7.2\serializer-2.7.2.jar;C:\Users\ImranUllah\.m2\repository\org\apache\xmlgraphics\batik-ext\1.13\batik-ext-1.13.jar;C:\Users\ImranUllah\.m2\repository\org\apache\xmlgraphics\batik-extension\1.13\batik-extension-1.13.jar;C:\Users\ImranUllah\.m2\repository\org\apache\xmlgraphics\batik-gui-util\1.13\batik-gui-util-1.13.jar;C:\Users\ImranUllah\.m2\repository\org\apache\xmlgraphics\batik-gvt\1.13\batik-gvt-1.13.jar;C:\Users\ImranUllah\.m2\repository\org\apache\xmlgraphics\batik-i18n\1.13\batik-i18n-1.13.jar;C:\Users\ImranUllah\.m2\repository\org\apache\xmlgraphics\batik-parser\1.13\batik-parser-1.13.jar;C:\Users\ImranUllah\.m2\repository\org\apache\xmlgraphics\batik-rasterizer-ext\1.13\batik-rasterizer-ext-1.13.jar;C:\Users\ImranUllah\.m2\repository\org\apache\xmlgraphics\batik-rasterizer\1.13\batik-rasterizer-1.13.jar;C:\Users\ImranUllah\.m2\repository\org\apache\xmlgraphics\batik-script\1.13\batik-script-1.13.jar;C:\Users\ImranUllah\.m2\repository\org\apache\xmlgraphics\batik-slideshow\1.13\batik-slideshow-1.13.jar;C:\Users\ImranUllah\.m2\repository\org\apache\xmlgraphics\batik-squiggle-ext\1.13\batik-squiggle-ext-1.13.jar;C:\Users\ImranUllah\.m2\repository\org\apache\xmlgraphics\batik-squiggle\1.13\batik-squiggle-1.13.jar;C:\Users\ImranUllah\.m2\repository\org\apache\xmlgraphics\batik-svg-dom\1.13\batik-svg-dom-1.13.jar;C:\Users\ImranUllah\.m2\repository\org\apache\xmlgraphics\batik-svgbrowser\1.13\batik-svgbrowser-1.13.jar;C:\Users\ImranUllah\.m2\repository\org\apache\xmlgraphics\batik-svggen\1.13\batik-svggen-1.13.jar;C:\Users\ImranUllah\.m2\repository\org\apache\xmlgraphics\batik-svgpp\1.13\batik-svgpp-1.13.jar;C:\Users\ImranUllah\.m2\repository\org\apache\xmlgraphics\batik-svgrasterizer\1.13\batik-svgrasterizer-1.13.jar;C:\Users\ImranUllah\.m2\repository\org\apache\xmlgraphics\batik-swing\1.13\batik-swing-1.13.jar;C:\Users\ImranUllah\.m2\repository\org\apache\xmlgraphics\batik-transcoder\1.13\batik-transcoder-1.13.jar;C:\Users\ImranUllah\.m2\repository\org\apache\xmlgraphics\batik-util\1.13\batik-util-1.13.jar;C:\Users\ImranUllah\.m2\repository\org\apache\xmlgraphics\batik-ttf2svg\1.13\batik-ttf2svg-1.13.jar;C:\Users\ImranUllah\.m2\repository\org\apache\xmlgraphics\batik-xml\1.13\batik-xml-1.13.jar;C:\Users\ImranUllah\.m2\repository\de\rototor\pdfbox\graphics2d\0.30\graphics2d-0.30.jar;C:\Users\ImranUllah\.m2\repository\org\apache\pdfbox\pdfbox\2.0.22\pdfbox-2.0.22.jar;C:\Users\ImranUllah\.m2\repository\org\apache\pdfbox\fontbox\2.0.22\fontbox-2.0.22.jar;C:\Users\ImranUllah\.m2\repository\com\aventstack\extentreports\4.1.1\extentreports-4.1.1.jar;C:\Users\ImranUllah\.m2\repository\org\freemarker\freemarker\2.3.29\freemarker-2.3.29.jar;C:\Users\ImranUllah\.m2\repository\org\apache\httpcomponents\httpmime\4.5.2\httpmime-4.5.2.jar;C:\Users\ImranUllah\.m2\repository\org\mongodb\mongodb-driver\3.12.0\mongodb-driver-3.12.0.jar;C:\Users\ImranUllah\.m2\repository\org\mongodb\mongodb-driver-core\3.12.0\mongodb-driver-core-3.12.0.jar;C:\Users\ImranUllah\.m2\repository\org\mongodb\bson\3.12.0\bson-3.12.0.jar;C:\Users\ImranUllah\.m2\repository\org\apache\commons\commons-lang3\3.11\commons-lang3-3.11.jar;C:\Users\ImranUllah\.m2\repository\commons-io\commons-io\2.8.0\commons-io-2.8.0.jar;C:\Users\ImranUllah\.m2\repository\org\sikuli\sikuli-api\1.2.0\sikuli-api-1.2.0.jar;C:\Users\ImranUllah\.m2\repository\org\sikuli\sikuli-core\1.2.2\sikuli-core-1.2.2.jar;C:\Users\ImranUllah\.m2\repository\org\bytedeco\javacpp\0.9\javacpp-0.9.jar;C:\Users\ImranUllah\.m2\repository\org\bytedeco\javacpp-presets\opencv\2.4.9-0.9\opencv-2.4.9-0.9.jar;C:\Users\ImranUllah\.m2\repository\org\piccolo2d\piccolo2d-extras\1.3.1\piccolo2d-extras-1.3.1.jar;C:\Users\ImranUllah\.m2\repository\org\piccolo2d\piccolo2d-core\1.3.1\piccolo2d-core-1.3.1.jar;C:\Users\ImranUllah\.m2\repository\log4j\log4j\1.2.17\log4j-1.2.17.jar;"/>
    <property name="sun.cpu.endian" value="little"/>
    <property name="user.home" value="C:\Users\ImranUllah"/>
    <property name="user.language" value="en"/>
    <property name="java.specification.vendor" value="Oracle Corporation"/>
    <property name="java.home" value="C:\Program Files\Java\jdk1.8.0_281\jre"/>
    <property name="basedir" value="C:\My_Projects\DoC_App_CI"/>
    <property name="file.separator" value="\"/>
    <property name="line.separator" value="&#10;"/>
    <property name="java.vm.specification.vendor" value="Oracle Corporation"/>
    <property name="java.specification.name" value="Java Platform API Specification"/>
    <property name="java.awt.graphicsenv" value="sun.awt.Win32GraphicsEnvironment"/>
    <property name="surefire.real.class.path" value="C:\Users\ImranUllah\AppData\Local\Temp\surefire4693656460641737839\surefirebooter8735987943462777690.jar"/>
    <property name="sun.boot.class.path" value="C:\Program Files\Java\jdk1.8.0_281\jre\lib\resources.jar;C:\Program Files\Java\jdk1.8.0_281\jre\lib\rt.jar;C:\Program Files\Java\jdk1.8.0_281\jre\lib\sunrsasign.jar;C:\Program Files\Java\jdk1.8.0_281\jre\lib\jsse.jar;C:\Program Files\Java\jdk1.8.0_281\jre\lib\jce.jar;C:\Program Files\Java\jdk1.8.0_281\jre\lib\charsets.jar;C:\Program Files\Java\jdk1.8.0_281\jre\lib\jfr.jar;C:\Program Files\Java\jdk1.8.0_281\jre\classes"/>
    <property name="user.script" value=""/>
    <property name="sun.management.compiler" value="HotSpot 64-Bit Tiered Compilers"/>
    <property name="java.runtime.version" value="1.8.0_281-b09"/>
    <property name="user.name" value="ImranUllah"/>
    <property name="path.separator" value=";"/>
    <property name="os.version" value="10.0"/>
    <property name="java.endorsed.dirs" value="C:\Program Files\Java\jdk1.8.0_281\jre\lib\endorsed"/>
    <property name="java.runtime.name" value="Java(TM) SE Runtime Environment"/>
    <property name="file.encoding" value="Cp1252"/>
    <property name="java.vm.name" value="Java HotSpot(TM) 64-Bit Server VM"/>
    <property name="localRepository" value="C:\Users\ImranUllah\.m2\repository"/>
    <property name="java.vendor.url.bug" value="http://bugreport.sun.com/bugreport/"/>
    <property name="java.io.tmpdir" value="C:\Users\IMRANU~1\AppData\Local\Temp\"/>
    <property name="java.version" value="1.8.0_281"/>
    <property name="user.dir" value="C:\My_Projects\DoC_App_CI"/>
    <property name="os.arch" value="amd64"/>
    <property name="java.vm.specification.name" value="Java Virtual Machine Specification"/>
    <property name="java.awt.printerjob" value="sun.awt.windows.WPrinterJob"/>
    <property name="sun.os.patch.level" value=""/>
    <property name="java.library.path" value="C:\Program Files\Java\jdk1.8.0_281\jre\bin;C:\WINDOWS\Sun\Java\bin;C:\WINDOWS\system32;C:\WINDOWS;C:\Program Files (x86)\Common Files\Oracle\Java\javapath;C:\WINDOWS\system32;C:\WINDOWS;C:\WINDOWS\System32\Wbem;C:\WINDOWS\System32\WindowsPowerShell\v1.0\;C:\Program Files\Java\jdk1.8.0_281\bin;C:\Program Files\nodejs\;C:\apache-maven-3.6.3\bin;C:\WINDOWS\System32\OpenSSH\;C:\android-sdk\platform-tools;C:\android-sdk\tools;C:\android-sdk\platforms;C:\Program Files (x86)\Intel\Intel(R) Management Engine Components\DAL;C:\Program Files\Intel\Intel(R) Management Engine Components\DAL;C:\Program Files\Git\cmd;C:\Users\ImranUllah\AppData\Local\Programs\Python\Python39\Scripts\;C:\Users\ImranUllah\AppData\Local\Programs\Python\Python39\;C:\Users\ImranUllah\AppData\Local\Microsoft\WindowsApps;C:\Users\ImranUllah\AppData\Roaming\npm;."/>
    <property name="java.vm.info" value="mixed mode"/>
    <property name="java.vendor" value="Oracle Corporation"/>
    <property name="java.vm.version" value="25.281-b09"/>
    <property name="java.ext.dirs" value="C:\Program Files\Java\jdk1.8.0_281\jre\lib\ext;C:\WINDOWS\Sun\Java\lib\ext"/>
    <property name="sun.io.unicode.encoding" value="UnicodeLittle"/>
    <property name="java.class.version" value="52.0"/>
  </properties>
  <testcase name="Home_Page_1" classname="Test_Cases.Flow_registered_user" time="8.597">
    <system-out><![CDATA[ INFO [main] (Flow_registered_user.java:35)- Successfully landed on the Home Page
 INFO [main] (Flow_registered_user.java:40)- Successfully clicked on Profile Button
]]></system-out>
    <system-err><![CDATA[Dec 07, 2021 10:47:15 PM io.appium.java_client.remote.AppiumCommandExecutor$1 lambda$0
INFO: Detected dialect: W3C
]]></system-err>
  </testcase>
  <testcase name="Sign_in_to_DoC" classname="Test_Cases.Flow_registered_user" time="17.919">
    <system-out><![CDATA[ INFO [main] (Flow_registered_user.java:50)- Successfully landed on Sign_in_to_DoC Page
 INFO [main] (Flow_registered_user.java:56)- Successful assertion of the text 'Sign in to DoC'
 INFO [main] (Flow_registered_user.java:66)- Successful assertion of the text 'Sign up'
 INFO [main] (Flow_registered_user.java:70)- Successful assertion of the text 'Email'
 INFO [main] (Flow_registered_user.java:74)- Successfully entered the Email
 INFO [main] (Flow_registered_user.java:78)- Successful assertion of the text 'Password'
 INFO [main] (Flow_registered_user.java:82)- Successfully entered the Password
 INFO [main] (Flow_registered_user.java:86)- Successful assertion of the text 'Forgot password'
 INFO [main] (Flow_registered_user.java:90)- Successful assertion of the text 'Sign in'
 INFO [main] (Flow_registered_user.java:93)- Successfully clicked on the Sign in Button
]]></system-out>
  </testcase>
  <testcase name="Home_Page" classname="Test_Cases.Flow_registered_user" time="10.415">
    <system-out><![CDATA[ INFO [main] (Flow_registered_user.java:98)- Successfully landed on the Home Page
 INFO [main] (Flow_registered_user.java:103)- Successfully clicked on 'Doctors' Button
 INFO [main] (Flow_registered_user.java:107)- Successfully clicked on 'Book a Consultation' Button
]]></system-out>
  </testcase>
  <testcase name="None_of_these" classname="Test_Cases.Flow_registered_user" time="9.022">
    <system-out><![CDATA[ INFO [main] (Flow_registered_user.java:113)- Successfully landed on the 'None of these' Page
 INFO [main] (Flow_registered_user.java:119)- Successfully Assertion of the sentence 'Before booking with one of our doctors, please check that it’s not an emergency'
 INFO [main] (Flow_registered_user.java:124)- Successfully Assertion of the sentence 'Call 1122 now if you have:'
 INFO [main] (Flow_registered_user.java:129)- Successfully Assertion of the sentence 'Signs of a heart attack - pain like a very tight band, heavy weight or squeezing in the centre of your chest'
 INFO [main] (Flow_registered_user.java:135)- Successfully Assertion of the sentence 'Signs of a stroke - face drooping on one side, can’t hold both arms up, difficulty speaking'
 INFO [main] (Flow_registered_user.java:141)- Successfully Assertion of the sentence 'Severe difficulty breathing - gasping, not being able to get words out, choking or lips turning blue'
 INFO [main] (Flow_registered_user.java:146)- Successfully Assertion of the sentence 'Heavy bleeding - that won’t stop'
 INFO [main] (Flow_registered_user.java:151)- Successfully Assertion of the sentence 'Severe injuries - or deep cuts after a serious accident'
 INFO [main] (Flow_registered_user.java:156)- Successfully Assertion of the sentence 'Seizure (fit) - someone is shaking or jerking because of a fit, or is unconscious (can’t be woken up)'
 INFO [main] (Flow_registered_user.java:162)- Successfully Assertion of the sentence 'Sudden, rapid swelling - of the eyes, lips, mouth, throat or tongue'
 INFO [main] (Flow_registered_user.java:169)- Successfully clicked on the button 'I have none of these' 
]]></system-out>
  </testcase>
  <testcase name="Tell_us_about_you" classname="Test_Cases.Flow_registered_user" time="21.779">
    <system-out><![CDATA[ INFO [main] (Flow_registered_user.java:177)- Successfully landed on the 'Tell us a little about you' Page
 INFO [main] (Flow_registered_user.java:182)- Successfully Assertion of the text 'Tell us a little about you' 
 INFO [main] (Flow_registered_user.java:186)- Successfully Assertion of the text 'Date of birth (DD/MM/YYYY)' 
 INFO [main] (Flow_registered_user.java:190)- Successfully Assertion of the Heading 'Symptoms' 
 INFO [main] (Flow_registered_user.java:194)- Successfully Assertion of the text 'Tell us about your basic symptoms and we can use this information to help us find the doctor you will see.' 
 INFO [main] (Flow_registered_user.java:199)- Successfully entered the symptom 
 INFO [main] (Flow_registered_user.java:206)- Successfully clicked on the button 'Find a doctor' 
]]></system-out>
  </testcase>
  <testcase name="Doctors_Page" classname="Test_Cases.Flow_registered_user" time="6.615">
    <system-out><![CDATA[ INFO [main] (Flow_registered_user.java:214)- Successfully landed on the 'Doctors Page'
 INFO [main] (Flow_registered_user.java:219)- Successfully Assertion of the Heading 'Doctors' 
 INFO [main] (Flow_registered_user.java:223)- Successfully clicked on Online button 
 INFO [main] (Flow_registered_user.java:227)- Successfully clicked on Dr. Imran Ullah 
]]></system-out>
  </testcase>
  <testcase name="Doctors_Profile" classname="Test_Cases.Flow_registered_user" time="2.085">
    <system-out><![CDATA[ INFO [main] (Flow_registered_user.java:234)- Successfully landed on the 'Doctors Profile'
 INFO [main] (Flow_registered_user.java:239)- Successfully Assertion of the Heading 'Available' 
 INFO [main] (Flow_registered_user.java:243)- Successfully clicked on Book Consultation button
]]></system-out>
  </testcase>
</testsuite>