<?xml version="1.0" encoding="UTF-8"?>
<!-- Generated by org.testng.reporters.JUnitReportReporter -->
<testsuite hostname="DESKTOP-QQN379M" failures="0" tests="7" name="Test_Cases.Settings_Delete_Account" time="190.531" errors="0" timestamp="2021-06-28T15:25:41 PKT" skipped="0">
  <testcase classname="Test_Cases.Settings_Delete_Account" name="Home_Page" time="62.358"/>
  <system-out/>
  <testcase classname="Test_Cases.Settings_Delete_Account" name="Uni_name" time="18.263"/>
  <system-out/>
  <testcase classname="Test_Cases.Settings_Delete_Account" name="describe_course" time="9.008"/>
  <system-out/>
  <testcase classname="Test_Cases.Settings_Delete_Account" name="intrests" time="10.357"/>
  <system-out/>
  <testcase classname="Test_Cases.Settings_Delete_Account" name="societies" time="44.905"/>
  <system-out/>
  <testcase classname="Test_Cases.Settings_Delete_Account" name="profile_picture" time="5.178"/>
  <system-out/>
  <testcase classname="Test_Cases.Settings_Delete_Account" name="delete_account" time="40.462"/>
  <system-out/>
</testsuite> <!-- Test_Cases.Settings_Delete_Account -->
