<?xml version="1.0" encoding="UTF-8"?>
<!-- Generated by org.testng.reporters.JUnitReportReporter -->
<testsuite hostname="DESKTOP-QQN379M" failures="0" tests="2" name="Test_Cases.Sign_in" time="52.721" errors="0" timestamp="2021-06-21T15:02:37 PKT" skipped="0">
  <testcase classname="Test_Cases.Sign_in" name="Home_Page" time="10.047"/>
  <system-out/>
  <testcase classname="Test_Cases.Sign_in" name="Sign_in_Page" time="42.674"/>
  <system-out/>
</testsuite> <!-- Test_Cases.Sign_in -->
