<?xml version="1.0" encoding="UTF-8"?>
<!-- Generated by org.testng.reporters.JUnitReportReporter -->
<testsuite hostname="DESKTOP-QQN379M" failures="0" tests="3" name="Test_Cases.Get_help" time="60.989" errors="0" timestamp="2021-06-18T18:37:20 PKT" skipped="0">
  <testcase classname="Test_Cases.Get_help" name="Home_Page" time="11.443"/>
  <system-out/>
  <testcase classname="Test_Cases.Get_help" name="Sign_in_Page" time="38.660"/>
  <system-out/>
  <testcase classname="Test_Cases.Get_help" name="Get_help_connections" time="10.886"/>
  <system-out/>
</testsuite> <!-- Test_Cases.Get_help -->
