<?xml version="1.0" encoding="UTF-8"?>
<!-- Generated by org.testng.reporters.JUnitReportReporter -->
<testsuite hostname="DESKTOP-QQN379M" failures="0" tests="1" name="Test_Cases.Profile" time="4.026" errors="0" timestamp="2021-07-07T18:25:43 PKT" skipped="0">
  <testcase classname="Test_Cases.Profile" name="Home_Page" time="4.026"/>
  <system-out/>
</testsuite> <!-- Test_Cases.Profile -->
