<?xml version="1.0" encoding="UTF-8"?>
<!-- Generated by org.testng.reporters.JUnitReportReporter -->
<testsuite hostname="DESKTOP-QQN379M" failures="0" tests="1" name="Test_Cases.Resources_and_Support" time="14.178" errors="0" timestamp="2021-06-30T17:01:16 PKT" skipped="0">
  <testcase classname="Test_Cases.Resources_and_Support" name="Settings" time="14.178"/>
  <system-out/>
</testsuite> <!-- Test_Cases.Resources_and_Support -->
