<?xml version="1.0" encoding="UTF-8"?>
<!-- Generated by org.testng.reporters.JUnitReportReporter -->
<testsuite hostname="DESKTOP-QQN379M" failures="0" tests="2" name="Test_Cases.Sign_in_DoC" time="21.864" errors="0" timestamp="2021-12-06T16:54:28 PKT" skipped="0">
  <testcase classname="Test_Cases.Sign_in_DoC" name="Home_Page" time="6.244"/>
  <system-out/>
  <testcase classname="Test_Cases.Sign_in_DoC" name="Sign_in_to_DoC" time="15.620"/>
  <system-out/>
</testsuite> <!-- Test_Cases.Sign_in_DoC -->
