<?xml version="1.0" encoding="UTF-8"?>
<!-- Generated by org.testng.reporters.JUnitReportReporter -->
<testsuite hostname="DESKTOP-QQN379M" failures="0" tests="2" name="Test_Cases.Settings_Suggest_a_feature" time="32.141" errors="0" timestamp="2021-06-28T15:20:51 PKT" skipped="0">
  <testcase classname="Test_Cases.Settings_Suggest_a_feature" name="suggest_feature" time="11.773"/>
  <system-out/>
  <testcase classname="Test_Cases.Settings_Suggest_a_feature" name="suggestion" time="20.368"/>
  <system-out/>
</testsuite> <!-- Test_Cases.Settings_Suggest_a_feature -->
