<?xml version="1.0" encoding="UTF-8"?>
<!-- Generated by org.testng.reporters.JUnitReportReporter -->
<testsuite hostname="DESKTOP-QQN379M" failures="0" tests="7" name="Test_Cases.NoneUni_Get_help_link_Connections" time="179.403" errors="0" timestamp="2021-06-28T15:18:50 PKT" skipped="0">
  <testcase classname="Test_Cases.NoneUni_Get_help_link_Connections" name="Home_Page" time="8.007"/>
  <system-out/>
  <testcase classname="Test_Cases.NoneUni_Get_help_link_Connections" name="Sign_in_Page" time="37.994"/>
  <system-out/>
  <testcase classname="Test_Cases.NoneUni_Get_help_link_Connections" name="Get_help_connection" time="11.635"/>
  <system-out/>
  <testcase classname="Test_Cases.NoneUni_Get_help_link_Connections" name="Account_verification" time="27.880"/>
  <system-out/>
  <testcase classname="Test_Cases.NoneUni_Get_help_link_Connections" name="Matches_connections_messages" time="33.951"/>
  <system-out/>
  <testcase classname="Test_Cases.NoneUni_Get_help_link_Connections" name="Notifications" time="31.686"/>
  <system-out/>
  <testcase classname="Test_Cases.NoneUni_Get_help_link_Connections" name="Other" time="28.250"/>
  <system-out/>
</testsuite> <!-- Test_Cases.NoneUni_Get_help_link_Connections -->
