<?xml version="1.0" encoding="UTF-8"?>
<!-- Generated by org.testng.reporters.JUnitReportReporter -->
<testsuite hostname="DESKTOP-QQN379M" failures="0" tests="1" name="Test_Cases.Bug_reporting" time="14.124" errors="0" timestamp="2021-06-16T22:52:54 PKT" skipped="0">
  <testcase classname="Test_Cases.Bug_reporting" name="report_a_bug" time="14.124"/>
  <system-out/>
</testsuite> <!-- Test_Cases.Bug_reporting -->
