<?xml version="1.0" encoding="UTF-8"?>
<!-- Generated by org.testng.reporters.JUnitReportReporter -->
<testsuite hostname="DESKTOP-QQN379M" failures="0" tests="6" name="Test_Cases.Login" time="167.304" errors="0" timestamp="2021-06-21T14:52:39 PKT" skipped="0">
  <testcase classname="Test_Cases.Login" name="Home_Page" time="68.446"/>
  <system-out/>
  <testcase classname="Test_Cases.Login" name="Uni_name" time="20.450"/>
  <system-out/>
  <testcase classname="Test_Cases.Login" name="describe_course" time="9.915"/>
  <system-out/>
  <testcase classname="Test_Cases.Login" name="intrests" time="11.948"/>
  <system-out/>
  <testcase classname="Test_Cases.Login" name="societies" time="50.729"/>
  <system-out/>
  <testcase classname="Test_Cases.Login" name="profile_picture" time="5.816"/>
  <system-out/>
</testsuite> <!-- Test_Cases.Login -->
