<?xml version="1.0" encoding="UTF-8"?>
<!-- Generated by org.testng.reporters.JUnitReportReporter -->
<testsuite hostname="DESKTOP-QQN379M" failures="0" tests="5" name="Test_Cases.Report_a_bug" time="131.740" errors="0" timestamp="2021-06-18T16:01:56 PKT" skipped="0">
  <testcase classname="Test_Cases.Report_a_bug" name="report_a_bug" time="11.620"/>
  <system-out/>
  <testcase classname="Test_Cases.Report_a_bug" name="Account_verification" time="25.881"/>
  <system-out/>
  <testcase classname="Test_Cases.Report_a_bug" name="Matches_connections_messages" time="35.651"/>
  <system-out/>
  <testcase classname="Test_Cases.Report_a_bug" name="Notifications" time="30.301"/>
  <system-out/>
  <testcase classname="Test_Cases.Report_a_bug" name="Other" time="28.287"/>
  <system-out/>
</testsuite> <!-- Test_Cases.Report_a_bug -->
