<?xml version="1.0" encoding="UTF-8"?>
<!-- Generated by org.testng.reporters.JUnitReportReporter -->
<testsuite hostname="DESKTOP-QQN379M" failures="0" tests="2" name="Test_Cases.Settings_Resources_and_Support" time="19.045" errors="0" timestamp="2021-07-01T15:35:51 PKT" skipped="0">
  <testcase classname="Test_Cases.Settings_Resources_and_Support" name="Settings" time="16.056"/>
  <system-out/>
  <testcase classname="Test_Cases.Settings_Resources_and_Support" name="resources_support" time="2.989"/>
  <system-out/>
</testsuite> <!-- Test_Cases.Settings_Resources_and_Support -->
