<?xml version="1.0" encoding="UTF-8"?>
<!-- Generated by org.testng.reporters.JUnitReportReporter -->
<testsuite hostname="DESKTOP-QQN379M" failures="0" tests="7" name="Test_Cases.Get_help_connections" time="208.766" errors="0" timestamp="2021-06-21T14:42:38 PKT" skipped="0">
  <testcase classname="Test_Cases.Get_help_connections" name="Home_Page" time="10.591"/>
  <system-out/>
  <testcase classname="Test_Cases.Get_help_connections" name="Sign_in_Page" time="39.887"/>
  <system-out/>
  <testcase classname="Test_Cases.Get_help_connections" name="Get_help_connection" time="13.247"/>
  <system-out/>
  <testcase classname="Test_Cases.Get_help_connections" name="Account_verification" time="32.680"/>
  <system-out/>
  <testcase classname="Test_Cases.Get_help_connections" name="Matches_connections_messages" time="42.402"/>
  <system-out/>
  <testcase classname="Test_Cases.Get_help_connections" name="Notifications" time="34.635"/>
  <system-out/>
  <testcase classname="Test_Cases.Get_help_connections" name="Other" time="35.324"/>
  <system-out/>
</testsuite> <!-- Test_Cases.Get_help_connections -->
