<?xml version="1.0" encoding="UTF-8"?>
<!-- Generated by org.testng.reporters.JUnitReportReporter -->
<testsuite hostname="DESKTOP-QQN379M" failures="0" tests="6" name="Test_Cases.Log_in_complete_flow" time="147.437" errors="0" timestamp="2021-07-01T16:18:30 PKT" skipped="0">
  <testcase classname="Test_Cases.Log_in_complete_flow" name="Home_Page" time="60.620"/>
  <system-out/>
  <testcase classname="Test_Cases.Log_in_complete_flow" name="Uni_name" time="18.054"/>
  <system-out/>
  <testcase classname="Test_Cases.Log_in_complete_flow" name="describe_course" time="9.132"/>
  <system-out/>
  <testcase classname="Test_Cases.Log_in_complete_flow" name="intrests" time="10.518"/>
  <system-out/>
  <testcase classname="Test_Cases.Log_in_complete_flow" name="societies" time="43.894"/>
  <system-out/>
  <testcase classname="Test_Cases.Log_in_complete_flow" name="profile_picture" time="5.219"/>
  <system-out/>
</testsuite> <!-- Test_Cases.Log_in_complete_flow -->
