<?xml version="1.0" encoding="UTF-8"?>
<!-- Generated by org.testng.reporters.JUnitReportReporter -->
<testsuite hostname="DESKTOP-QQN379M" failures="0" tests="3" name="Test_Cases.Log_out" time="64.731" errors="0" timestamp="2021-06-30T16:30:04 PKT" skipped="0">
  <testcase classname="Test_Cases.Log_out" name="Home_Page" time="13.568"/>
  <system-out/>
  <testcase classname="Test_Cases.Log_out" name="Sign_in_Page" time="38.848"/>
  <system-out/>
  <testcase classname="Test_Cases.Log_out" name="delete_account" time="12.315"/>
  <system-out/>
</testsuite> <!-- Test_Cases.Log_out -->
