<?xml version="1.0" encoding="UTF-8"?>
<!-- Generated by org.testng.reporters.JUnitReportReporter -->
<testsuite hostname="DESKTOP-QQN379M" failures="0" tests="2" name="Test_Cases.Suggest_a_feature" time="39.743" errors="0" timestamp="2021-06-21T15:05:03 PKT" skipped="0">
  <testcase classname="Test_Cases.Suggest_a_feature" name="suggest_feature" time="15.049"/>
  <system-out/>
  <testcase classname="Test_Cases.Suggest_a_feature" name="suggestion" time="24.694"/>
  <system-out/>
</testsuite> <!-- Test_Cases.Suggest_a_feature -->
