<?xml version="1.0" encoding="UTF-8"?>
<!-- Generated by org.testng.reporters.JUnitReportReporter -->
<testsuite skipped="0" hostname="DESKTOP-QQN379M" name="Test_Cases.Flow_registered_user" tests="7" failures="0" timestamp="2021-12-07T22:48:32 PKT" time="76.413" errors="0">
  <testcase name="Home_Page_1" time="8.602" classname="Test_Cases.Flow_registered_user"/>
  <system-out/>
  <testcase name="Sign_in_to_DoC" time="17.742" classname="Test_Cases.Flow_registered_user"/>
  <system-out/>
  <testcase name="Home_Page" time="10.586" classname="Test_Cases.Flow_registered_user"/>
  <system-out/>
  <testcase name="None_of_these" time="8.897" classname="Test_Cases.Flow_registered_user"/>
  <system-out/>
  <testcase name="Tell_us_about_you" time="21.851" classname="Test_Cases.Flow_registered_user"/>
  <system-out/>
  <testcase name="Doctors_Page" time="6.646" classname="Test_Cases.Flow_registered_user"/>
  <system-out/>
  <testcase name="Doctors_Profile" time="2.089" classname="Test_Cases.Flow_registered_user"/>
  <system-out/>
</testsuite> <!-- Test_Cases.Flow_registered_user -->
